<?xml version="1.0" encoding="UTF-8"?>
<!-- Generated by org.testng.reporters.JUnitXMLReporter -->
<testsuite ignored="0" hostname="sanjay" failures="0" tests="5" name="parallelTest" time="30.821" errors="0" timestamp="07 Apr 2019 11:08:07 GMT">
  <testcase classname="fernsNPetals.datadrivenTCs.ValidAddressForm" name="@BeforeTest setUp" time="29.556">
    <failure type="org.openqa.selenium.WebDriverException" message="unknown error: Element &amp;lt;button type=&amp;quot;submit&amp;quot; id=&amp;quot;buynow&amp;quot; data-ng-click=&amp;quot;isbuynow=&amp;apos;Y&amp;apos;&amp;quot; data-ga-title=&amp;quot;BUY NOW&amp;quot; style=&amp;quot;background: rgb(255, 146, 18); color: rgb(255, 255, 255); width: 48%; font-weight: 500; font-size: 18px; float: right; border-radius: 4px; border: 1px solid rgb(255, 146, 18); box-shadow: rgba(0, 0, 0, 0.1) 0px 2px 4px 0px;&amp;quot; class=&amp;quot;activeinput&amp;quot;&amp;gt;...&amp;lt;/button&amp;gt; is not clickable at point (875, 483). Other element would receive the click: &amp;lt;div class=&amp;quot;bg&amp;quot; style=&amp;quot;background: rgb(0, 0, 0); opacity: 0.6; width: 100%; height: 100%; position: absolute; top: 0px;&amp;quot;&amp;gt;&amp;lt;/div&amp;gt;
  (Session info: chrome=73.0.3683.86)
  (Driver info: chromedriver=72.0.3626.69 (3c16f8a135abc0d4da2dff33804db79b849a7c38),platform=Windows NT 6.3.9600 x86_64) (WARNING: The server did not provide any stacktrace information)
Command duration or timeout: 0 milliseconds
Build info: version: &amp;apos;3.9.1&amp;apos;, revision: &amp;apos;63f7b50&amp;apos;, time: &amp;apos;2018-02-07T22:42:28.403Z&amp;apos;
System info: host: &amp;apos;SANJAY&amp;apos;, ip: &amp;apos;192.168.1.110&amp;apos;, os.name: &amp;apos;Windows 8.1&amp;apos;, os.arch: &amp;apos;amd64&amp;apos;, os.version: &amp;apos;6.3&amp;apos;, java.version: &amp;apos;11.0.2&amp;apos;
Driver info: org.openqa.selenium.chrome.ChromeDriver
Capabilities {acceptInsecureCerts: false, acceptSslCerts: false, applicationCacheEnabled: false, browserConnectionEnabled: false, browserName: chrome, chrome: {chromedriverVersion: 72.0.3626.69 (3c16f8a135abc..., userDataDir: C:\Users\SANJAY~1\AppData\L...}, cssSelectorsEnabled: true, databaseEnabled: false, goog:chromeOptions: {debuggerAddress: localhost:58427}, handlesAlerts: true, hasTouchScreen: false, javascriptEnabled: true, locationContextEnabled: true, mobileEmulationEnabled: false, nativeEvents: true, networkConnectionEnabled: false, pageLoadStrategy: normal, platform: XP, platformName: XP, proxy: Proxy(), rotatable: false, setWindowRect: true, takesHeapSnapshot: true, takesScreenshot: true, timeouts: {implicit: 0, pageLoad: 300000, script: 30000}, unexpectedAlertBehaviour: ignore, unhandledPromptBehavior: ignore, version: 73.0.3683.86, webStorageEnabled: true}
Session ID: 10a33b75cadfa7073e89878352bf87c0">
      <![CDATA[org.openqa.selenium.WebDriverException: unknown error: Element <button type="submit" id="buynow" data-ng-click="isbuynow='Y'" data-ga-title="BUY NOW" style="background: rgb(255, 146, 18); color: rgb(255, 255, 255); width: 48%; font-weight: 500; font-size: 18px; float: right; border-radius: 4px; border: 1px solid rgb(255, 146, 18); box-shadow: rgba(0, 0, 0, 0.1) 0px 2px 4px 0px;" class="activeinput">...</button> is not clickable at point (875, 483). Other element would receive the click: <div class="bg" style="background: rgb(0, 0, 0); opacity: 0.6; width: 100%; height: 100%; position: absolute; top: 0px;"></div>
  (Session info: chrome=73.0.3683.86)
  (Driver info: chromedriver=72.0.3626.69 (3c16f8a135abc0d4da2dff33804db79b849a7c38),platform=Windows NT 6.3.9600 x86_64) (WARNING: The server did not provide any stacktrace information)
Command duration or timeout: 0 milliseconds
Build info: version: '3.9.1', revision: '63f7b50', time: '2018-02-07T22:42:28.403Z'
System info: host: 'SANJAY', ip: '192.168.1.110', os.name: 'Windows 8.1', os.arch: 'amd64', os.version: '6.3', java.version: '11.0.2'
Driver info: org.openqa.selenium.chrome.ChromeDriver
Capabilities {acceptInsecureCerts: false, acceptSslCerts: false, applicationCacheEnabled: false, browserConnectionEnabled: false, browserName: chrome, chrome: {chromedriverVersion: 72.0.3626.69 (3c16f8a135abc..., userDataDir: C:\Users\SANJAY~1\AppData\L...}, cssSelectorsEnabled: true, databaseEnabled: false, goog:chromeOptions: {debuggerAddress: localhost:58427}, handlesAlerts: true, hasTouchScreen: false, javascriptEnabled: true, locationContextEnabled: true, mobileEmulationEnabled: false, nativeEvents: true, networkConnectionEnabled: false, pageLoadStrategy: normal, platform: XP, platformName: XP, proxy: Proxy(), rotatable: false, setWindowRect: true, takesHeapSnapshot: true, takesScreenshot: true, timeouts: {implicit: 0, pageLoad: 300000, script: 30000}, unexpectedAlertBehaviour: ignore, unhandledPromptBehavior: ignore, version: 73.0.3683.86, webStorageEnabled: true}
Session ID: 10a33b75cadfa7073e89878352bf87c0
	at org.openqa.selenium.remote.ErrorHandler.createThrowable(ErrorHandler.java:214)
	at org.openqa.selenium.remote.ErrorHandler.throwIfResponseFailed(ErrorHandler.java:166)
	at org.openqa.selenium.remote.http.JsonHttpResponseCodec.reconstructValue(JsonHttpResponseCodec.java:40)
	at org.openqa.selenium.remote.http.AbstractHttpResponseCodec.decode(AbstractHttpResponseCodec.java:80)
	at org.openqa.selenium.remote.http.AbstractHttpResponseCodec.decode(AbstractHttpResponseCodec.java:44)
	at org.openqa.selenium.remote.HttpCommandExecutor.execute(HttpCommandExecutor.java:160)
	at org.openqa.selenium.remote.service.DriverCommandExecutor.execute(DriverCommandExecutor.java:83)
	at org.openqa.selenium.remote.RemoteWebDriver.execute(RemoteWebDriver.java:601)
	at org.openqa.selenium.remote.RemoteWebElement.execute(RemoteWebElement.java:279)
	at org.openqa.selenium.remote.RemoteWebElement.click(RemoteWebElement.java:83)
	at org.openqa.selenium.support.events.EventFiringWebDriver$EventFiringWebElement$1.invoke(EventFiringWebDriver.java:375)
	at com.sun.proxy.$Proxy19.click(Unknown Source)
	at org.openqa.selenium.support.events.EventFiringWebDriver$EventFiringWebElement.click(EventFiringWebDriver.java:388)
	at org.openqa.selenium.support.pagefactory.internal.LocatingElementHandler.invoke(LocatingElementHandler.java:51)
	at com.sun.proxy.$Proxy18.click(Unknown Source)
	at fernsNPetals.pages.GiftPage.click(GiftPage.java:102)
	at fernsNPetals.datadrivenTCs.ValidAddressForm.setUp(ValidAddressForm.java:56)
... Removed 35 stack frames]]>
    </failure>
  </testcase> <!-- @BeforeTest setUp -->
  <testcase classname="fernsNPetals.datadrivenTCs.searchboxDDT" name="@BeforeTest setUp" time="0.0">
    <skipped/>
  </testcase> <!-- @BeforeTest setUp -->
  <testcase classname="fernsNPetals.PositiveTCs.functionalPositiveFlow" name="@BeforeMethod setUp" time="0.0">
    <skipped/>
  </testcase> <!-- @BeforeMethod setUp -->
  <testcase classname="fernsNPetals.datadrivenTCs.ValidAddressForm" name="@AfterTest tearDown" time="0.0">
    <skipped/>
  </testcase> <!-- @AfterTest tearDown -->
  <testcase classname="fernsNPetals.datadrivenTCs.searchboxDDT" name="searchbox" time="0.0">
    <skipped/>
  </testcase> <!-- searchbox -->
  <testcase classname="fernsNPetals.PositiveTCs.functionalPositiveFlow" name="positiveFlow" time="0.0">
    <skipped/>
  </testcase> <!-- positiveFlow -->
  <testcase classname="fernsNPetals.datadrivenTCs.ValidAddressForm" name="addressform" time="0.0">
    <skipped/>
  </testcase> <!-- addressform -->
  <testcase classname="fernsNPetals.datadrivenTCs.ValidAddressForm" name="addressform" time="0.0">
    <skipped/>
  </testcase> <!-- addressform -->
  <testcase classname="fernsNPetals.datadrivenTCs.ValidAddressForm" name="addressform" time="0.0">
    <skipped/>
  </testcase> <!-- addressform -->
</testsuite> <!-- parallelTest -->
